<?xml version="1.0" encoding="UTF-8" ?>
<testsuite failures="0" time="0.007" errors="0" skipped="0" tests="1" name="fr.isis.hasp.agentnombrepersonne.AppTest">
  <properties>
    <property name="java.runtime.name" value="Java(TM) SE Runtime Environment"/>
    <property name="sun.boot.library.path" value="C:\Dev\java6\jre\bin"/>
    <property name="java.vm.version" value="20.2-b06"/>
    <property name="java.vm.vendor" value="Sun Microsystems Inc."/>
    <property name="java.vendor.url" value="http://java.sun.com/"/>
    <property name="path.separator" value=";"/>
    <property name="java.vm.name" value="Java HotSpot(TM) Client VM"/>
    <property name="file.encoding.pkg" value="sun.io"/>
    <property name="user.country" value="FR"/>
    <property name="sun.java.launcher" value="SUN_STANDARD"/>
    <property name="sun.os.patch.level" value="Service Pack 1"/>
    <property name="java.vm.specification.name" value="Java Virtual Machine Specification"/>
    <property name="user.dir" value="C:\Dev\workspace\agent-nombre-personne"/>
    <property name="java.runtime.version" value="1.6.0_27-b07"/>
    <property name="java.awt.graphicsenv" value="sun.awt.Win32GraphicsEnvironment"/>
    <property name="basedir" value="C:\Dev\workspace\agent-nombre-personne"/>
    <property name="java.endorsed.dirs" value="C:\Dev\java6\jre\lib\endorsed"/>
    <property name="os.arch" value="x86"/>
    <property name="surefire.real.class.path" value="C:\Dev\workspace\agent-nombre-personne\target\surefire\surefirebooter6694354897276549062.jar"/>
    <property name="java.io.tmpdir" value="C:\Users\Arnaud\AppData\Local\Temp\"/>
    <property name="line.separator" value="
"/>
    <property name="java.vm.specification.vendor" value="Sun Microsystems Inc."/>
    <property name="user.variant" value=""/>
    <property name="os.name" value="Windows 7"/>
    <property name="sun.jnu.encoding" value="Cp1252"/>
    <property name="java.library.path" value="C:\Dev\java6\jre\bin;C:\Windows\Sun\Java\bin;C:\Windows\system32;C:\Windows;C:/Dev/java6/bin/../jre/bin/client;C:/Dev/java6/bin/../jre/bin;C:/Dev/java6/bin/../jre/lib/i386;C:\Windows\system32;C:\Windows;C:\Windows\System32\Wbem;C:\Windows\System32\WindowsPowerShell\v1.0\;C:\Program Files\TortoiseSVN\bin;C:\Dev;;."/>
    <property name="surefire.test.class.path" value="C:\Dev\workspace\agent-nombre-personne\target\test-classes;C:\Dev\workspace\agent-nombre-personne\target\classes;C:\Dev\apache-maven-3.0.3\repository\junit\junit\3.8.1\junit-3.8.1.jar;C:\Dev\apache-maven-3.0.3\repository\fr\isis\hasp\ivy-communication\0.0.1-SNAPSHOT\ivy-communication-0.0.1-SNAPSHOT.jar;C:\Dev\apache-maven-3.0.3\repository\fr\cena\ivy\1.2.6\ivy-1.2.6.jar;C:\Dev\apache-maven-3.0.3\repository\fr\isis\hasp\objets-metier\0.0.1-SNAPSHOT\objets-metier-0.0.1-SNAPSHOT.jar;C:\Dev\apache-maven-3.0.3\repository\org\hibernate\hibernate-annotations\3.4.0.GA\hibernate-annotations-3.4.0.GA.jar;C:\Dev\apache-maven-3.0.3\repository\org\hibernate\ejb3-persistence\1.0.2.GA\ejb3-persistence-1.0.2.GA.jar;C:\Dev\apache-maven-3.0.3\repository\org\hibernate\hibernate-commons-annotations\3.1.0.GA\hibernate-commons-annotations-3.1.0.GA.jar;C:\Dev\apache-maven-3.0.3\repository\org\hibernate\hibernate-core\3.3.0.SP1\hibernate-core-3.3.0.SP1.jar;C:\Dev\apache-maven-3.0.3\repository\antlr\antlr\2.7.6\antlr-2.7.6.jar;C:\Dev\apache-maven-3.0.3\repository\commons-collections\commons-collections\3.1\commons-collections-3.1.jar;C:\Dev\apache-maven-3.0.3\repository\javax\transaction\jta\1.1\jta-1.1.jar;C:\Dev\apache-maven-3.0.3\repository\org\slf4j\slf4j-api\1.4.2\slf4j-api-1.4.2.jar;C:\Dev\apache-maven-3.0.3\repository\dom4j\dom4j\1.6.1\dom4j-1.6.1.jar;C:\Dev\apache-maven-3.0.3\repository\xml-apis\xml-apis\1.0.b2\xml-apis-1.0.b2.jar;"/>
    <property name="java.specification.name" value="Java Platform API Specification"/>
    <property name="java.class.version" value="50.0"/>
    <property name="sun.management.compiler" value="HotSpot Client Compiler"/>
    <property name="os.version" value="6.1"/>
    <property name="user.home" value="C:\Users\Arnaud"/>
    <property name="user.timezone" value=""/>
    <property name="java.awt.printerjob" value="sun.awt.windows.WPrinterJob"/>
    <property name="java.specification.version" value="1.6"/>
    <property name="file.encoding" value="Cp1252"/>
    <property name="user.name" value="Arnaud"/>
    <property name="java.class.path" value="C:\Dev\workspace\agent-nombre-personne\target\test-classes;C:\Dev\workspace\agent-nombre-personne\target\classes;C:\Dev\apache-maven-3.0.3\repository\junit\junit\3.8.1\junit-3.8.1.jar;C:\Dev\apache-maven-3.0.3\repository\fr\isis\hasp\ivy-communication\0.0.1-SNAPSHOT\ivy-communication-0.0.1-SNAPSHOT.jar;C:\Dev\apache-maven-3.0.3\repository\fr\cena\ivy\1.2.6\ivy-1.2.6.jar;C:\Dev\apache-maven-3.0.3\repository\fr\isis\hasp\objets-metier\0.0.1-SNAPSHOT\objets-metier-0.0.1-SNAPSHOT.jar;C:\Dev\apache-maven-3.0.3\repository\org\hibernate\hibernate-annotations\3.4.0.GA\hibernate-annotations-3.4.0.GA.jar;C:\Dev\apache-maven-3.0.3\repository\org\hibernate\ejb3-persistence\1.0.2.GA\ejb3-persistence-1.0.2.GA.jar;C:\Dev\apache-maven-3.0.3\repository\org\hibernate\hibernate-commons-annotations\3.1.0.GA\hibernate-commons-annotations-3.1.0.GA.jar;C:\Dev\apache-maven-3.0.3\repository\org\hibernate\hibernate-core\3.3.0.SP1\hibernate-core-3.3.0.SP1.jar;C:\Dev\apache-maven-3.0.3\repository\antlr\antlr\2.7.6\antlr-2.7.6.jar;C:\Dev\apache-maven-3.0.3\repository\commons-collections\commons-collections\3.1\commons-collections-3.1.jar;C:\Dev\apache-maven-3.0.3\repository\javax\transaction\jta\1.1\jta-1.1.jar;C:\Dev\apache-maven-3.0.3\repository\org\slf4j\slf4j-api\1.4.2\slf4j-api-1.4.2.jar;C:\Dev\apache-maven-3.0.3\repository\dom4j\dom4j\1.6.1\dom4j-1.6.1.jar;C:\Dev\apache-maven-3.0.3\repository\xml-apis\xml-apis\1.0.b2\xml-apis-1.0.b2.jar;"/>
    <property name="java.vm.specification.version" value="1.0"/>
    <property name="sun.arch.data.model" value="32"/>
    <property name="java.home" value="C:\Dev\java6\jre"/>
    <property name="sun.java.command" value="C:\Dev\workspace\agent-nombre-personne\target\surefire\surefirebooter6694354897276549062.jar C:\Dev\workspace\agent-nombre-personne\target\surefire\surefire8461913557584385588tmp C:\Dev\workspace\agent-nombre-personne\target\surefire\surefire7307903574997193488tmp"/>
    <property name="java.specification.vendor" value="Sun Microsystems Inc."/>
    <property name="user.language" value="fr"/>
    <property name="awt.toolkit" value="sun.awt.windows.WToolkit"/>
    <property name="java.vm.info" value="mixed mode"/>
    <property name="java.version" value="1.6.0_27"/>
    <property name="java.ext.dirs" value="C:\Dev\java6\jre\lib\ext;C:\Windows\Sun\Java\lib\ext"/>
    <property name="sun.boot.class.path" value="C:\Dev\java6\jre\lib\resources.jar;C:\Dev\java6\jre\lib\rt.jar;C:\Dev\java6\jre\lib\sunrsasign.jar;C:\Dev\java6\jre\lib\jsse.jar;C:\Dev\java6\jre\lib\jce.jar;C:\Dev\java6\jre\lib\charsets.jar;C:\Dev\java6\jre\lib\modules\jdk.boot.jar;C:\Dev\java6\jre\classes"/>
    <property name="java.vendor" value="Sun Microsystems Inc."/>
    <property name="localRepository" value="C:\Dev\apache-maven-3.0.3\repository"/>
    <property name="file.separator" value="\"/>
    <property name="java.vendor.url.bug" value="http://java.sun.com/cgi-bin/bugreport.cgi"/>
    <property name="sun.cpu.endian" value="little"/>
    <property name="sun.io.unicode.encoding" value="UnicodeLittle"/>
    <property name="sun.desktop" value="windows"/>
    <property name="sun.cpu.isalist" value="pentium_pro+mmx pentium_pro pentium+mmx pentium i486 i386 i86"/>
  </properties>
  <testcase time="0" classname="fr.isis.hasp.agentnombrepersonne.AppTest" name="testApp"/>
</testsuite>